[ 2017-09-15T10:52:30+08:00 ] ::1 /_1back1/index.php/Admin/Setting/clearcache
SQL: SHOW COLUMNS FROM `jc_users` [ RunTime:0.0010s ]
SQL: SELECT * FROM `jc_users` WHERE `id` = 1 LIMIT 1   [ RunTime:0.0000s ]
SQL: SHOW COLUMNS FROM `jc_options` [ RunTime:0.0000s ]
SQL: SHOW COLUMNS FROM `jc_options` [ RunTime:0.0010s ]
SQL: SELECT `option_value` FROM `jc_options` WHERE `option_name` = 'cdn_settings' LIMIT 1   [ RunTime:0.0010s ]

[ 2017-09-15T10:52:32+08:00 ] ::1 /_1back1/index.php/Admin/Index/index
SQL: SHOW COLUMNS FROM `jc_plugins` [ RunTime:0.0010s ]
SQL: SELECT `name`,`hooks` FROM `jc_plugins` WHERE ( status=1 )  [ RunTime:0.0000s ]
SQL: SHOW COLUMNS FROM `jc_options` [ RunTime:0.0000s ]
SQL: SELECT * FROM `jc_options` WHERE ( option_name='cmf_settings' ) LIMIT 1   [ RunTime:0.0010s ]
SQL: SHOW COLUMNS FROM `jc_users` [ RunTime:0.0010s ]
SQL: SELECT * FROM `jc_users` WHERE `id` = 1 LIMIT 1   [ RunTime:0.0000s ]
SQL: SHOW COLUMNS FROM `jc_menu` [ RunTime:0.0000s ]
SQL: SELECT * FROM `jc_menu` WHERE `status` = 1 ORDER BY listorder asc  [ RunTime:0.0030s ]
SQL: SELECT * FROM `jc_menu` WHERE `parentid` = 0 AND `status` = 1 AND `type` = 1 ORDER BY `listorder` ASC  [ RunTime:0.0010s ]
SQL: SELECT * FROM `jc_menu` WHERE `parentid` = 109 AND `status` = 1 AND `type` = 1 ORDER BY `listorder` ASC  [ RunTime:0.0000s ]
SQL: SELECT * FROM `jc_menu` WHERE `parentid` = 110 AND `status` = 1 AND `type` = 1 ORDER BY `listorder` ASC  [ RunTime:0.0000s ]
SQL: SELECT * FROM `jc_menu` WHERE `parentid` = 111 AND `status` = 1 AND `type` = 1 ORDER BY `listorder` ASC  [ RunTime:0.0010s ]
SQL: SELECT * FROM `jc_menu` WHERE `parentid` = 113 AND `status` = 1 AND `type` = 1 ORDER BY `listorder` ASC  [ RunTime:0.0000s ]
SQL: SELECT * FROM `jc_menu` WHERE `parentid` = 115 AND `status` = 1 AND `type` = 1 ORDER BY `listorder` ASC  [ RunTime:0.0000s ]
SQL: SELECT * FROM `jc_menu` WHERE `parentid` = 167 AND `status` = 1 AND `type` = 1 ORDER BY `listorder` ASC  [ RunTime:0.0000s ]
SQL: SELECT * FROM `jc_menu` WHERE `parentid` = 126 AND `status` = 1 AND `type` = 1 ORDER BY `listorder` ASC  [ RunTime:0.0000s ]
SQL: SELECT * FROM `jc_menu` WHERE `parentid` = 127 AND `status` = 1 AND `type` = 1 ORDER BY `listorder` ASC  [ RunTime:0.0010s ]
SQL: SELECT * FROM `jc_menu` WHERE `parentid` = 129 AND `status` = 1 AND `type` = 1 ORDER BY `listorder` ASC  [ RunTime:0.0000s ]
SQL: SELECT * FROM `jc_menu` WHERE `parentid` = 156 AND `status` = 1 AND `type` = 1 ORDER BY `listorder` ASC  [ RunTime:0.0000s ]
SQL: SELECT * FROM `jc_menu` WHERE `parentid` = 131 AND `status` = 1 AND `type` = 1 ORDER BY `listorder` ASC  [ RunTime:0.0000s ]
SQL: SELECT * FROM `jc_menu` WHERE `parentid` = 193 AND `status` = 1 AND `type` = 1 ORDER BY `listorder` ASC  [ RunTime:0.0010s ]
SQL: SELECT * FROM `jc_menu` WHERE `parentid` = 418 AND `status` = 1 AND `type` = 1 ORDER BY `listorder` ASC  [ RunTime:0.0000s ]
SQL: SELECT * FROM `jc_menu` WHERE `parentid` = 194 AND `status` = 1 AND `type` = 1 ORDER BY `listorder` ASC  [ RunTime:0.0010s ]
SQL: SELECT * FROM `jc_menu` WHERE `parentid` = 195 AND `status` = 1 AND `type` = 1 ORDER BY `listorder` ASC  [ RunTime:0.0010s ]
SQL: SELECT * FROM `jc_menu` WHERE `parentid` = 370 AND `status` = 1 AND `type` = 1 ORDER BY `listorder` ASC  [ RunTime:0.0000s ]
SQL: SELECT * FROM `jc_menu` WHERE `parentid` = 373 AND `status` = 1 AND `type` = 1 ORDER BY `listorder` ASC  [ RunTime:0.0000s ]
SQL: SELECT * FROM `jc_menu` WHERE `parentid` = 282 AND `status` = 1 AND `type` = 1 ORDER BY `listorder` ASC  [ RunTime:0.0010s ]
SQL: SELECT * FROM `jc_menu` WHERE `parentid` = 268 AND `status` = 1 AND `type` = 1 ORDER BY `listorder` ASC  [ RunTime:0.0000s ]
SQL: SELECT * FROM `jc_menu` WHERE `parentid` = 2 AND `status` = 1 AND `type` = 1 ORDER BY `listorder` ASC  [ RunTime:0.0000s ]
SQL: SELECT * FROM `jc_menu` WHERE `parentid` = 75 AND `status` = 1 AND `type` = 1 ORDER BY `listorder` ASC  [ RunTime:0.0000s ]
SQL: SELECT * FROM `jc_menu` WHERE `parentid` = 53 AND `status` = 1 AND `type` = 1 ORDER BY `listorder` ASC  [ RunTime:0.0000s ]
SQL: SELECT * FROM `jc_menu` WHERE `parentid` = 221 AND `status` = 1 AND `type` = 1 ORDER BY `listorder` ASC  [ RunTime:0.0010s ]
SQL: SELECT * FROM `jc_menu` WHERE `parentid` = 380 AND `status` = 1 AND `type` = 1 ORDER BY `listorder` ASC  [ RunTime:0.0000s ]
SQL: SELECT * FROM `jc_menu` WHERE `parentid` = 354 AND `status` = 1 AND `type` = 1 ORDER BY `listorder` ASC  [ RunTime:0.0000s ]
SQL: SELECT * FROM `jc_menu` WHERE `parentid` = 355 AND `status` = 1 AND `type` = 1 ORDER BY `listorder` ASC  [ RunTime:0.0000s ]
SQL: SELECT * FROM `jc_menu` WHERE `parentid` = 356 AND `status` = 1 AND `type` = 1 ORDER BY `listorder` ASC  [ RunTime:0.0010s ]
SQL: SELECT * FROM `jc_menu` WHERE `parentid` = 367 AND `status` = 1 AND `type` = 1 ORDER BY `listorder` ASC  [ RunTime:0.0010s ]
SQL: SELECT * FROM `jc_menu` WHERE `parentid` = 245 AND `status` = 1 AND `type` = 1 ORDER BY `listorder` ASC  [ RunTime:0.0010s ]
SQL: SELECT * FROM `jc_menu` WHERE `parentid` = 235 AND `status` = 1 AND `type` = 1 ORDER BY `listorder` ASC  [ RunTime:0.0010s ]
SQL: SELECT * FROM `jc_menu` WHERE `parentid` = 227 AND `status` = 1 AND `type` = 1 ORDER BY `listorder` ASC  [ RunTime:0.0000s ]
SQL: SELECT * FROM `jc_menu` WHERE `parentid` = 296 AND `status` = 1 AND `type` = 1 ORDER BY `listorder` ASC  [ RunTime:0.0010s ]
SQL: SELECT * FROM `jc_menu` WHERE `parentid` = 298 AND `status` = 1 AND `type` = 1 ORDER BY `listorder` ASC  [ RunTime:0.0010s ]
SQL: SELECT * FROM `jc_menu` WHERE `parentid` = 297 AND `status` = 1 AND `type` = 1 ORDER BY `listorder` ASC  [ RunTime:0.0000s ]
SQL: SELECT * FROM `jc_menu` WHERE `parentid` = 299 AND `status` = 1 AND `type` = 1 ORDER BY `listorder` ASC  [ RunTime:0.0000s ]
SQL: SELECT * FROM `jc_menu` WHERE `parentid` = 300 AND `status` = 1 AND `type` = 1 ORDER BY `listorder` ASC  [ RunTime:0.0010s ]
SQL: SELECT * FROM `jc_menu` WHERE `parentid` = 371 AND `status` = 1 AND `type` = 1 ORDER BY `listorder` ASC  [ RunTime:0.0000s ]
SQL: SELECT * FROM `jc_menu` WHERE `parentid` = 417 AND `status` = 1 AND `type` = 1 ORDER BY `listorder` ASC  [ RunTime:0.0000s ]
SQL: SELECT * FROM `jc_menu` WHERE `parentid` = 401 AND `status` = 1 AND `type` = 1 ORDER BY `listorder` ASC  [ RunTime:0.0010s ]
SQL: SELECT * FROM `jc_menu` WHERE `parentid` = 408 AND `status` = 1 AND `type` = 1 ORDER BY `listorder` ASC  [ RunTime:0.0000s ]
SQL: SELECT * FROM `jc_menu` WHERE `parentid` = 132 AND `status` = 1 AND `type` = 1 ORDER BY `listorder` ASC  [ RunTime:0.0000s ]
SQL: SELECT * FROM `jc_menu` WHERE `parentid` = 226 AND `status` = 1 AND `type` = 1 ORDER BY `listorder` ASC  [ RunTime:0.0010s ]
SQL: SELECT * FROM `jc_menu` WHERE `parentid` = 374 AND `status` = 1 AND `type` = 1 ORDER BY `listorder` ASC  [ RunTime:0.0010s ]
SQL: SELECT * FROM `jc_menu` WHERE `parentid` = 134 AND `status` = 1 AND `type` = 1 ORDER BY `listorder` ASC  [ RunTime:0.0000s ]
SQL: SELECT * FROM `jc_menu` WHERE `parentid` = 191 AND `status` = 1 AND `type` = 1 ORDER BY `listorder` ASC  [ RunTime:0.0000s ]
SQL: SELECT * FROM `jc_menu` WHERE `parentid` = 85 AND `status` = 1 AND `type` = 1 ORDER BY `listorder` ASC  [ RunTime:0.0010s ]
SQL: SELECT * FROM `jc_menu` WHERE `parentid` = 86 AND `status` = 1 AND `type` = 1 ORDER BY `listorder` ASC  [ RunTime:0.0010s ]
SQL: SELECT * FROM `jc_menu` WHERE `parentid` = 87 AND `status` = 1 AND `type` = 1 ORDER BY `listorder` ASC  [ RunTime:0.0000s ]
SQL: SELECT * FROM `jc_menu` WHERE `parentid` = 94 AND `status` = 1 AND `type` = 1 ORDER BY `listorder` ASC  [ RunTime:0.0010s ]
SQL: SELECT * FROM `jc_menu` WHERE `parentid` = 378 AND `status` = 1 AND `type` = 1 ORDER BY `listorder` ASC  [ RunTime:0.0000s ]
SQL: SELECT * FROM `jc_menu` WHERE `parentid` = 100 AND `status` = 1 AND `type` = 1 ORDER BY `listorder` ASC  [ RunTime:0.0000s ]
SQL: SELECT * FROM `jc_menu` WHERE `parentid` = 379 AND `status` = 1 AND `type` = 1 ORDER BY `listorder` ASC  [ RunTime:0.0010s ]
SQL: SELECT * FROM `jc_menu` WHERE `parentid` = 39 AND `status` = 1 AND `type` = 1 ORDER BY `listorder` ASC  [ RunTime:0.0000s ]
SQL: SELECT * FROM `jc_menu` WHERE `parentid` = 381 AND `status` = 1 AND `type` = 1 ORDER BY `listorder` ASC  [ RunTime:0.0000s ]
SQL: SELECT * FROM `jc_menu` WHERE `parentid` = 68 AND `status` = 1 AND `type` = 1 ORDER BY `listorder` ASC  [ RunTime:0.0000s ]
SQL: SELECT * FROM `jc_menu` WHERE `parentid` = 47 AND `status` = 1 AND `type` = 1 ORDER BY `listorder` ASC  [ RunTime:0.0000s ]
SQL: SELECT * FROM `jc_menu` WHERE `parentid` = 83 AND `status` = 1 AND `type` = 1 ORDER BY `listorder` ASC  [ RunTime:0.0000s ]
SQL: SELECT * FROM `jc_menu` WHERE `parentid` = 190 AND `status` = 1 AND `type` = 1 ORDER BY `listorder` ASC  [ RunTime:0.0000s ]
SQL: SELECT * FROM `jc_menu` WHERE `parentid` = 133 AND `status` = 1 AND `type` = 1 ORDER BY `listorder` ASC  [ RunTime:0.0000s ]
SQL: SELECT * FROM `jc_menu` WHERE `parentid` = 137 AND `status` = 1 AND `type` = 1 ORDER BY `listorder` ASC  [ RunTime:0.0000s ]
SQL: SELECT * FROM `jc_menu` WHERE `parentid` = 139 AND `status` = 1 AND `type` = 1 ORDER BY `listorder` ASC  [ RunTime:0.0010s ]
SQL: SELECT * FROM `jc_menu` WHERE `parentid` = 140 AND `status` = 1 AND `type` = 1 ORDER BY `listorder` ASC  [ RunTime:0.0000s ]
SQL: SELECT * FROM `jc_menu` WHERE `parentid` = 149 AND `status` = 1 AND `type` = 1 ORDER BY `listorder` ASC  [ RunTime:0.0000s ]
SQL: SELECT * FROM `jc_menu` WHERE `status` = 1 AND `type` = 1 AND `commend` = 1 ORDER BY listorder asc  [ RunTime:0.0010s ]
SQL: SELECT * FROM `jc_options` WHERE `option_name` = 'menu_setting' LIMIT 1   [ RunTime:0.0000s ]
SQL: SELECT `option_value` FROM `jc_options` WHERE `option_name` = 'cdn_settings' LIMIT 1   [ RunTime:0.0000s ]

[ 2017-09-15T10:52:32+08:00 ] ::1 /_1back1/index.php/Admin/Main/index
SQL: SHOW COLUMNS FROM `jc_users` [ RunTime:0.0010s ]
SQL: SELECT * FROM `jc_users` WHERE `id` = 1 LIMIT 1   [ RunTime:0.0010s ]
SQL: SHOW COLUMNS FROM `jc_menu` [ RunTime:0.0010s ]
SQL: SELECT * FROM `jc_menu` WHERE `status` = 1 AND `type` = 1 AND `commend` = 1 ORDER BY listorder asc  [ RunTime:0.0010s ]
SQL: SHOW COLUMNS FROM `jc_options` [ RunTime:0.0000s ]
SQL: SELECT `option_value` FROM `jc_options` WHERE `option_name` = 'cdn_settings' LIMIT 1   [ RunTime:0.0010s ]

[ 2017-09-15T10:52:33+08:00 ] ::1 /_1back1/index.php/Admin/Main/getList
SQL: SHOW COLUMNS FROM `jc_users` [ RunTime:0.0010s ]
SQL: SELECT * FROM `jc_users` WHERE `id` = 1 LIMIT 1   [ RunTime:0.0010s ]

[ 2017-09-15T10:52:36+08:00 ] ::1 /_1back1/index.php/Admin/Sheet/main
SQL: SHOW COLUMNS FROM `jc_users` [ RunTime:0.0010s ]
SQL: SELECT * FROM `jc_users` WHERE `id` = 1 LIMIT 1   [ RunTime:0.0010s ]
SQL: SHOW COLUMNS FROM `jc_sheet_cate` [ RunTime:0.0010s ]
SQL: SHOW COLUMNS FROM `jc_sheet_attr` [ RunTime:0.0010s ]
SQL: SHOW COLUMNS FROM `jc_album` [ RunTime:0.0010s ]
SQL: SELECT * FROM `jc_sheet_cate` WHERE `pid` = 0 AND `status` = 1 ORDER BY sort_order asc,id asc  [ RunTime:0.0010s ]
SQL: SELECT * FROM `jc_sheet_cate` WHERE `pid` = 2 AND `status` = 1 ORDER BY sort_order asc,id asc  [ RunTime:0.0000s ]
SQL: SELECT * FROM `jc_sheet_cate` WHERE `pid` = 1 AND `status` = 1 ORDER BY sort_order asc,id asc  [ RunTime:0.0000s ]
SQL: SELECT * FROM `jc_sheet_cate` WHERE `pid` = 3 AND `status` = 1 ORDER BY sort_order asc,id asc  [ RunTime:0.0000s ]
SQL: SELECT * FROM `jc_sheet_cate` WHERE `pid` = 4 AND `status` = 1 ORDER BY sort_order asc,id asc  [ RunTime:0.0000s ]
SQL: SELECT * FROM `jc_sheet_cate` WHERE `pid` = 5 AND `status` = 1 ORDER BY sort_order asc,id asc  [ RunTime:0.0000s ]
SQL: SELECT * FROM `jc_sheet_cate` WHERE `pid` = 6 AND `status` = 1 ORDER BY sort_order asc,id asc  [ RunTime:0.0000s ]
SQL: SELECT * FROM `jc_sheet_cate` WHERE `pid` = 7 AND `status` = 1 ORDER BY sort_order asc,id asc  [ RunTime:0.0010s ]
SQL: SELECT * FROM `jc_sheet_cate` WHERE `pid` = 8 AND `status` = 1 ORDER BY sort_order asc,id asc  [ RunTime:0.0000s ]
SQL: SELECT * FROM `jc_sheet_cate` WHERE `pid` = 9 AND `status` = 1 ORDER BY sort_order asc,id asc  [ RunTime:0.0000s ]
SQL: SELECT * FROM `jc_sheet_cate` WHERE `pid` = 10 AND `status` = 1 ORDER BY sort_order asc,id asc  [ RunTime:0.0000s ]
SQL: SELECT * FROM `jc_sheet_cate` WHERE `pid` = 11 AND `status` = 1 ORDER BY sort_order asc,id asc  [ RunTime:0.0000s ]
SQL: SELECT * FROM `jc_sheet_cate` WHERE `pid` = 13 AND `status` = 1 ORDER BY sort_order asc,id asc  [ RunTime:0.0010s ]
SQL: SHOW COLUMNS FROM `jc_sheet_tmpl` [ RunTime:0.0010s ]
SQL: SELECT * FROM `jc_sheet_tmpl` WHERE `status` = 1  [ RunTime:0.0000s ]
SQL: SHOW COLUMNS FROM `jc_options` [ RunTime:0.0010s ]
SQL: SELECT `option_value` FROM `jc_options` WHERE `option_name` = 'cdn_settings' LIMIT 1   [ RunTime:0.0010s ]

[ 2017-09-15T10:52:36+08:00 ] ::1 /_1back1/index.php/Admin/Sheet/index
SQL: SHOW COLUMNS FROM `jc_users` [ RunTime:0.0010s ]
SQL: SELECT * FROM `jc_users` WHERE `id` = 1 LIMIT 1   [ RunTime:0.0010s ]
SQL: SHOW COLUMNS FROM `jc_sheet_cate` [ RunTime:0.0030s ]
SQL: SHOW COLUMNS FROM `jc_sheet_attr` [ RunTime:0.0020s ]
SQL: SHOW COLUMNS FROM `jc_album` [ RunTime:0.0000s ]

